<?xml version="1.0" encoding="UTF-8"?>
<testsuite xmlns:xsi="http://www.w3.org/2001/XMLSchema-instance" xsi:noNamespaceSchemaLocation="https://maven.apache.org/surefire/maven-surefire-plugin/xsd/surefire-test-report-3.0.xsd" version="3.0" name="com.nexapay.account.account.api.AccountControllerIntegrationTest" time="6.096" tests="4" errors="0" skipped="0" failures="0">
  <properties>
[...]
</properties>
  <testcase name="shouldReturnNotFoundForUnknownAccount" classname="com.nexapay.account.account.api.AccountControllerIntegrationTest" time="0.742">
    <system-out><![CDATA[10:16:17.037 [main] INFO org.springframework.test.context.support.AnnotationConfigContextLoaderUtils -- Could not detect default configuration classes for test class [com.nexapay.account.account.api.AccountControllerIntegrationTest]: AccountControllerIntegrationTest does not declare any static, non-private, non-final, nested classes annotated with @Configuration.
10:16:17.164 [main] INFO org.springframework.boot.test.context.SpringBootTestContextBootstrapper -- Found @SpringBootConfiguration com.nexapay.account.AccountServiceApplication for test class com.nexapay.account.account.api.AccountControllerIntegrationTest

  .   ____          _            __ _ _
 /\\ / ___'_ __ _ _(_)_ __  __ _ \ \ \ \
( ( )\___ | '_ | '_| | '_ \/ _` | \ \ \ \
 \\/  ___)| |_)| | | | | || (_| |  ) ) ) )
  '  |____| .__|_| |_|_| |_\__, | / / / /
 =========|_|==============|___/=/_/_/_/

 :: Spring Boot ::                (v3.3.3)

2026-08-18T10:16:17.482+01:00  INFO 21384 --- [account-service] [           main] n.a.a.a.AccountControllerIntegrationTest : Starting AccountControllerIntegrationTest using Java 21.0.12 with PID 21384 (started by ann in /Users/ann/Desktop/nexapay-core/services/account-service)
2026-08-18T10:16:17.483+01:00  INFO 21384 --- [account-service] [           main] n.a.a.a.AccountControllerIntegrationTest : The following 1 profile is active: "test"
2026-08-18T10:16:18.412+01:00  INFO 21384 --- [account-service] [           main] .s.d.r.c.RepositoryConfigurationDelegate : Bootstrapping Spring Data JPA repositories in DEFAULT mode.
2026-08-18T10:16:18.445+01:00  INFO 21384 --- [account-service] [           main] .s.d.r.c.RepositoryConfigurationDelegate : Finished Spring Data repository scanning in 28 ms. Found 1 JPA repository interface.
2026-08-18T10:16:18.985+01:00  INFO 21384 --- [account-service] [           main] com.zaxxer.hikari.HikariDataSource       : HikariPool-1 - Starting...
2026-08-18T10:16:19.192+01:00  INFO 21384 --- [account-service] [           main] com.zaxxer.hikari.pool.HikariPool        : HikariPool-1 - Added connection org.postgresql.jdbc.PgConnection@3041beb3
2026-08-18T10:16:19.193+01:00  INFO 21384 --- [account-service] [           main] com.zaxxer.hikari.HikariDataSource       : HikariPool-1 - Start completed.
2026-08-18T10:16:19.225+01:00  INFO 21384 --- [account-service] [           main] org.flywaydb.core.FlywayExecutor         : Database: jdbc:postgresql://localhost:5432/nexapay_account_db (PostgreSQL 16.15)
2026-08-18T10:16:19.286+01:00  INFO 21384 --- [account-service] [           main] o.f.core.internal.command.DbValidate     : Successfully validated 1 migration (execution time 00:00.037s)
2026-08-18T10:16:19.375+01:00  INFO 21384 --- [account-service] [           main] o.f.core.internal.command.DbMigrate      : Current version of schema "public": 1
2026-08-18T10:16:19.379+01:00  INFO 21384 --- [account-service] [           main] o.f.core.internal.command.DbMigrate      : Schema "public" is up to date. No migration necessary.
2026-08-18T10:16:19.523+01:00  INFO 21384 --- [account-service] [           main] o.hibernate.jpa.internal.util.LogHelper  : HHH000204: Processing PersistenceUnitInfo [name: default]
2026-08-18T10:16:19.585+01:00  INFO 21384 --- [account-service] [           main] org.hibernate.Version                    : HHH000412: Hibernate ORM core version 6.5.2.Final
2026-08-18T10:16:19.620+01:00  INFO 21384 --- [account-service] [           main] o.h.c.internal.RegionFactoryInitiator    : HHH000026: Second-level cache disabled
2026-08-18T10:16:19.866+01:00  INFO 21384 --- [account-service] [           main] o.s.o.j.p.SpringPersistenceUnitInfo      : No LoadTimeWeaver setup: ignoring JPA class transformer
2026-08-18T10:16:20.531+01:00  INFO 21384 --- [account-service] [           main] o.h.e.t.j.p.i.JtaPlatformInitiator       : HHH000489: No JTA platform available (set 'hibernate.transaction.jta.platform' to enable JTA platform integration)
2026-08-18T10:16:20.590+01:00  INFO 21384 --- [account-service] [           main] j.LocalContainerEntityManagerFactoryBean : Initialized JPA EntityManagerFactory for persistence unit 'default'
2026-08-18T10:16:20.981+01:00  WARN 21384 --- [account-service] [           main] .s.s.UserDetailsServiceAutoConfiguration : 

Using generated security password: c886bde0-11ad-4041-ab37-e818611de560

This generated password is for development use only. Your security configuration must be updated before running your application in production.

2026-08-18T10:16:20.990+01:00  INFO 21384 --- [account-service] [           main] r$InitializeUserDetailsManagerConfigurer : Global AuthenticationManager configured with UserDetailsService bean with name inMemoryUserDetailsManager
2026-08-18T10:16:21.357+01:00  INFO 21384 --- [account-service] [           main] o.s.b.a.e.web.EndpointLinksResolver      : Exposing 3 endpoints beneath base path '/actuator'
2026-08-18T10:16:21.853+01:00  INFO 21384 --- [account-service] [           main] o.s.b.t.m.w.SpringBootMockServletContext : Initializing Spring TestDispatcherServlet ''
2026-08-18T10:16:21.853+01:00  INFO 21384 --- [account-service] [           main] o.s.t.web.servlet.TestDispatcherServlet  : Initializing Servlet ''
2026-08-18T10:16:21.854+01:00  INFO 21384 --- [account-service] [           main] o.s.t.web.servlet.TestDispatcherServlet  : Completed initialization in 1 ms
2026-08-18T10:16:21.976+01:00  INFO 21384 --- [account-service] [           main] n.a.a.a.AccountControllerIntegrationTest : Started AccountControllerIntegrationTest in 4.721 seconds (process running for 5.811)
]]></system-out>
    <system-err><![CDATA[WARNING: A Java agent has been loaded dynamically (/Users/ann/.m2/repository/net/bytebuddy/byte-buddy-agent/1.14.19/byte-buddy-agent-1.14.19.jar)
WARNING: If a serviceability tool is in use, please run with -XX:+EnableDynamicAgentLoading to hide this warning
WARNING: If a serviceability tool is not in use, please run with -Djdk.instrument.traceUsage for more information
WARNING: Dynamic loading of agents will be disallowed by default in a future release
]]></system-err>
  </testcase>
  <testcase name="shouldRejectDuplicateAccountForCustomer" classname="com.nexapay.account.account.api.AccountControllerIntegrationTest" time="0.109">
    <system-out><![CDATA[2026-08-18T10:16:22.909+01:00  INFO 21384 --- [account-service] [           main] c.n.a.a.application.AccountService       : Created account id=becac96f-7a66-449d-9824-ca86ce357572 accountNumber=3181311196 for customerId=4f960a46-c261-42fd-83ef-28c7bf58a6ca
]]></system-out>
  </testcase>
  <testcase name="shouldCreateAccountSuccessfully" classname="com.nexapay.account.account.api.AccountControllerIntegrationTest" time="0.015">
    <system-out><![CDATA[2026-08-18T10:16:22.955+01:00  INFO 21384 --- [account-service] [           main] c.n.a.a.application.AccountService       : Created account id=006429fd-eaac-400d-adbc-889a1b42525d accountNumber=5014155756 for customerId=6a3acdec-9bc1-4cc5-97a2-b8213d811b13
]]></system-out>
  </testcase>
  <testcase name="shouldUpdateAccountStatus" classname="com.nexapay.account.account.api.AccountControllerIntegrationTest" time="0.033">
    <system-out><![CDATA[2026-08-18T10:16:22.970+01:00  INFO 21384 --- [account-service] [           main] c.n.a.a.application.AccountService       : Created account id=920c368f-f645-4a0c-a1ae-3a4ac71bf06b accountNumber=9552930094 for customerId=cf8ebd29-843e-4b59-bce7-f3756838d099
2026-08-18T10:16:22.986+01:00  INFO 21384 --- [account-service] [           main] c.n.a.a.application.AccountService       : Updated account number=9552930094 status to FROZEN
]]></system-out>
  </testcase>
</testsuite>